[FATAL] 2015-03-20 18:24:46.676 [main] WikiPars - null caused by null
[FATAL] 2015-03-20 18:26:41.982 [main] WikiPars - null caused by null
[ERROR] 2015-03-20 18:30:52.746 [main] DocDAOWikiDB - Cannot read documents from docs table
[FATAL] 2015-03-20 18:30:52.764 [main] WikiPars - null caused by null
[ERROR] 2015-03-20 18:31:43.038 [main] DocDAOWikiDB - Cannot read documents from docs table
[FATAL] 2015-03-20 18:31:43.056 [main] WikiPars - null caused by null
[ERROR] 2015-03-20 18:33:17.448 [main] DocDAOWikiDB - Cannot read documents from docs table null cause: null
[FATAL] 2015-03-20 18:33:17.466 [main] WikiPars - null caused by null
[ERROR] 2015-03-20 18:35:57.426 [main] DictDAOWikiDB - Cannot create Statement to write in DICT
[ERROR] 2015-03-20 18:35:57.519 [main] TermDAOWikiDB - Error writing Terms to database
[ERROR] 2015-03-20 18:38:20.025 [main] DictDAOWikiDB - Cannot create Statement to write in DICT
[ERROR] 2015-03-20 18:38:20.615 [main] TermDAOWikiDB - Error writing Terms to database
[ERROR] 2015-03-20 18:38:21.294 [main] DictDAOWikiDB - Cannot create Statement to write in DICT
[ERROR] 2015-03-20 18:38:21.637 [main] DocDAOWikiDB - Error writing Documents to database
[ERROR] 2015-03-20 18:38:21.639 [main] TermDAOWikiDB - Error writing Terms to database
[ERROR] 2015-03-20 18:38:22.121 [main] DictDAOWikiDB - Cannot create Statement to write in DICT
[ERROR] 2015-03-20 18:38:22.440 [main] TermDAOWikiDB - Error writing Terms to database
[ERROR] 2015-03-20 18:38:22.739 [main] DictDAOWikiDB - Cannot create Statement to write in DICT
[ERROR] 2015-03-20 18:38:22.951 [main] DocDAOWikiDB - Error writing Documents to database
[ERROR] 2015-03-20 18:38:22.952 [main] TermDAOWikiDB - Error writing Terms to database
[ERROR] 2015-03-20 18:38:23.321 [main] DictDAOWikiDB - Cannot create Statement to write in DICT
[ERROR] 2015-03-20 18:38:23.785 [main] TermDAOWikiDB - Error writing Terms to database
[ERROR] 2015-03-20 18:43:21.115 [main] DictDAOWikiDB - Cannot create Statement to write in DICT
[ERROR] 2015-03-20 18:43:21.629 [main] TermDAOWikiDB - Error writing Terms to database
[ERROR] 2015-03-20 18:43:22.287 [main] DictDAOWikiDB - Cannot create Statement to write in DICT
[ERROR] 2015-03-20 19:04:30.501 [main] TermDAOWikiDB - Error writing Terms to database
[ERROR] 2015-03-20 19:08:13.482 [main] DocDAOWikiDB - Error writing Documents to database
[ERROR] 2015-03-20 19:08:13.485 [main] TermDAOWikiDB - Error writing Terms to database
[ERROR] 2015-03-20 19:13:38.122 [main] TermDAOWikiDB - Error writing Terms to database
[ERROR] 2015-03-20 19:16:18.800 [main] DictDAOWikiDB - Cannot create Statement to write in DICT
[ERROR] 2015-03-20 19:16:19.154 [main] DocDAOWikiDB - Error writing Documents to database
[ERROR] 2015-03-20 19:16:19.156 [main] TermDAOWikiDB - Error writing Terms to database
[ERROR] 2015-03-20 19:20:22.181 [main] TermDAOWikiDB - Error writing Terms to database
[ERROR] 2015-03-20 19:34:44.686 [main] DocDAOWikiDB - Error writing Documents to database
[ERROR] 2015-03-20 19:34:44.688 [main] TermDAOWikiDB - Error writing Terms to database
[ERROR] 2015-03-20 19:34:47.905 [main] DocDAOWikiDB - Error writing Documents to database
[ERROR] 2015-03-20 19:34:47.907 [main] TermDAOWikiDB - Error writing Terms to database
[ERROR] 2015-03-20 19:34:51.712 [main] DocDAOWikiDB - Error writing Documents to database
[ERROR] 2015-03-20 19:34:51.713 [main] TermDAOWikiDB - Error writing Terms to database
[ERROR] 2015-03-20 19:34:52.741 [main] DictDAOWikiDB - Cannot create Statement to write in DICT
[ERROR] 2015-03-20 19:34:52.744 [main] DocDAOWikiDB - Error writing Documents to database
[ERROR] 2015-03-20 19:34:52.746 [main] TermDAOWikiDB - Error writing Terms to database
[ERROR] 2015-03-20 19:49:23.899 [main] DictDAOWikiDB - Cannot create Statement to write in DICT
[ERROR] 2015-03-20 19:49:24.606 [main] TermDAOWikiDB - Error writing Terms to database
[ERROR] 2015-03-20 20:00:23.634 [main] DictDAOWikiDB - Cannot create Statement to write in DICT
[ERROR] 2015-03-20 20:00:23.637 [main] DocDAOWikiDB - Error writing Documents to database
[ERROR] 2015-03-20 20:00:23.639 [main] TermDAOWikiDB - Error writing Terms to database
[ERROR] 2015-03-20 20:09:05.494 [main] DictDAOWikiDB - Cannot create Statement to write in DICT
[ERROR] 2015-03-20 20:09:05.499 [main] DocDAOWikiDB - Error writing Documents to database
[ERROR] 2015-03-20 20:09:05.502 [main] TermDAOWikiDB - Error writing Terms to database
[ERROR] 2015-03-20 20:09:06.392 [main] DictDAOWikiDB - Cannot create Statement to write in DICT
[ERROR] 2015-03-20 20:09:06.874 [main] DocDAOWikiDB - Error writing Documents to database
[ERROR] 2015-03-20 20:09:06.875 [main] TermDAOWikiDB - Error writing Terms to database
[ERROR] 2015-03-20 20:09:08.061 [main] DictDAOWikiDB - Cannot create Statement to write in DICT
[ERROR] 2015-03-20 20:09:08.533 [main] TermDAOWikiDB - Error writing Terms to database
[ERROR] 2015-03-20 20:09:09.326 [main] DictDAOWikiDB - Cannot create Statement to write in DICT
[ERROR] 2015-03-20 20:09:09.708 [main] DocDAOWikiDB - Error writing Documents to database
[ERROR] 2015-03-20 20:09:09.711 [main] TermDAOWikiDB - Error writing Terms to database
[ERROR] 2015-03-20 20:09:10.605 [main] DictDAOWikiDB - Cannot create Statement to write in DICT
[ERROR] 2015-03-20 20:09:11.040 [main] TermDAOWikiDB - Error writing Terms to database
[ERROR] 2015-03-20 20:09:26.264 [main] DictDAOWikiDB - Cannot create Statement to write in DICT
[ERROR] 2015-03-20 20:09:26.269 [main] DocDAOWikiDB - Error writing Documents to database
[ERROR] 2015-03-20 20:09:26.274 [main] TermDAOWikiDB - Error writing Terms to database
[ERROR] 2015-03-20 20:09:27.177 [main] DictDAOWikiDB - Cannot create Statement to write in DICT
[ERROR] 2015-03-20 20:09:27.179 [main] DocDAOWikiDB - Error writing Documents to database
[ERROR] 2015-03-20 20:09:27.181 [main] TermDAOWikiDB - Error writing Terms to database
[ERROR] 2015-03-20 20:09:28.327 [main] DictDAOWikiDB - Cannot create Statement to write in DICT
[ERROR] 2015-03-20 20:09:28.331 [main] DocDAOWikiDB - Error writing Documents to database
[ERROR] 2015-03-20 20:09:28.334 [main] TermDAOWikiDB - Error writing Terms to database
[ERROR] 2015-03-20 20:09:28.989 [main] DictDAOWikiDB - Cannot create Statement to write in DICT
[ERROR] 2015-03-20 20:09:28.991 [main] DocDAOWikiDB - Error writing Documents to database
[ERROR] 2015-03-20 20:09:28.993 [main] TermDAOWikiDB - Error writing Terms to database
[ERROR] 2015-03-20 20:09:29.719 [main] DictDAOWikiDB - Cannot create Statement to write in DICT
[ERROR] 2015-03-20 20:09:29.720 [main] DocDAOWikiDB - Error writing Documents to database
[ERROR] 2015-03-20 20:09:29.722 [main] TermDAOWikiDB - Error writing Terms to database
[ERROR] 2015-03-20 20:20:28.897 [main] DictDAOWikiDB - Cannot create Statement to write in DICT
[ERROR] 2015-03-20 20:20:29.427 [main] TermDAOWikiDB - Error writing Terms to database
[ERROR] 2015-03-20 20:20:30.327 [main] DictDAOWikiDB - Cannot create Statement to write in DICT
[ERROR] 2015-03-20 20:20:30.812 [main] DocDAOWikiDB - Error writing Documents to database
[ERROR] 2015-03-20 20:20:30.816 [main] TermDAOWikiDB - Error writing Terms to database
[ERROR] 2015-03-20 20:20:31.959 [main] DictDAOWikiDB - Cannot create Statement to write in DICT
[ERROR] 2015-03-20 20:20:32.367 [main] TermDAOWikiDB - Error writing Terms to database
[ERROR] 2015-03-20 20:20:33.067 [main] DictDAOWikiDB - Cannot create Statement to write in DICT
[ERROR] 2015-03-20 20:20:33.303 [main] DocDAOWikiDB - Error writing Documents to database
[ERROR] 2015-03-20 20:20:33.305 [main] TermDAOWikiDB - Error writing Terms to database
[ERROR] 2015-03-20 20:20:34.029 [main] DictDAOWikiDB - Cannot create Statement to write in DICT
[ERROR] 2015-03-20 20:20:34.489 [main] TermDAOWikiDB - Error writing Terms to database
[ERROR] 2015-03-20 20:21:08.028 [main] DictDAOWikiDB - Cannot create Statement to write in DICT
[ERROR] 2015-03-20 20:21:08.413 [main] TermDAOWikiDB - Error writing Terms to database
[ERROR] 2015-03-20 20:21:09.243 [main] DictDAOWikiDB - Cannot create Statement to write in DICT
[ERROR] 2015-03-20 20:21:09.667 [main] DocDAOWikiDB - Error writing Documents to database
[ERROR] 2015-03-20 20:21:09.669 [main] TermDAOWikiDB - Error writing Terms to database
[ERROR] 2015-03-20 20:21:10.787 [main] DictDAOWikiDB - Cannot create Statement to write in DICT
[ERROR] 2015-03-20 20:21:11.223 [main] TermDAOWikiDB - Error writing Terms to database
[ERROR] 2015-03-20 20:21:11.891 [main] DictDAOWikiDB - Cannot create Statement to write in DICT
[ERROR] 2015-03-20 20:21:12.239 [main] DocDAOWikiDB - Error writing Documents to database
[ERROR] 2015-03-20 20:21:12.241 [main] TermDAOWikiDB - Error writing Terms to database
[ERROR] 2015-03-20 20:21:12.958 [main] DictDAOWikiDB - Cannot create Statement to write in DICT
[ERROR] 2015-03-20 20:21:13.308 [main] TermDAOWikiDB - Error writing Terms to database
[ERROR] 2015-03-20 20:22:14.173 [main] DictDAOWikiDB - Cannot create Statement to write in DICT
[ERROR] 2015-03-20 20:22:14.651 [main] TermDAOWikiDB - Error writing Terms to database
[ERROR] 2015-03-20 20:22:15.474 [main] DictDAOWikiDB - Cannot create Statement to write in DICT
[ERROR] 2015-03-20 20:22:15.946 [main] DocDAOWikiDB - Error writing Documents to database
[ERROR] 2015-03-20 20:22:15.953 [main] TermDAOWikiDB - Error writing Terms to database
[ERROR] 2015-03-20 20:22:17.086 [main] DictDAOWikiDB - Cannot create Statement to write in DICT
[ERROR] 2015-03-20 20:22:17.529 [main] TermDAOWikiDB - Error writing Terms to database
[ERROR] 2015-03-20 20:22:18.162 [main] DictDAOWikiDB - Cannot create Statement to write in DICT
[ERROR] 2015-03-20 20:22:18.387 [main] DocDAOWikiDB - Error writing Documents to database
[ERROR] 2015-03-20 20:22:18.388 [main] TermDAOWikiDB - Error writing Terms to database
[ERROR] 2015-03-20 20:22:19.149 [main] DictDAOWikiDB - Cannot create Statement to write in DICT
[ERROR] 2015-03-20 20:22:19.670 [main] TermDAOWikiDB - Error writing Terms to database
[ERROR] 2015-03-20 20:41:45.772 [main] DictDAOWikiDB - Cannot create Statement to write in DICT
[ERROR] 2015-03-20 20:41:46.256 [main] TermDAOWikiDB - Error writing Terms to database
[ERROR] 2015-03-20 20:41:47.073 [main] DictDAOWikiDB - Cannot create Statement to write in DICT
[ERROR] 2015-03-20 20:41:47.494 [main] DocDAOWikiDB - Error writing Documents to database
[ERROR] 2015-03-20 20:41:47.498 [main] TermDAOWikiDB - Error writing Terms to database
[ERROR] 2015-03-20 20:41:48.618 [main] DictDAOWikiDB - Cannot create Statement to write in DICT
[ERROR] 2015-03-20 20:41:49.178 [main] TermDAOWikiDB - Error writing Terms to database
[ERROR] 2015-03-20 20:41:49.804 [main] DictDAOWikiDB - Cannot create Statement to write in DICT
[ERROR] 2015-03-20 20:41:50.149 [main] DocDAOWikiDB - Error writing Documents to database
[ERROR] 2015-03-20 20:41:50.154 [main] TermDAOWikiDB - Error writing Terms to database
[ERROR] 2015-03-20 20:41:50.904 [main] DictDAOWikiDB - Cannot create Statement to write in DICT
[ERROR] 2015-03-20 20:41:51.367 [main] TermDAOWikiDB - Error writing Terms to database
[ERROR] 2015-03-20 20:48:56.337 [main] DictDAOWikiDB - Cannot create Statement to write in DICT
[ERROR] 2015-03-20 20:48:56.340 [main] DocDAOWikiDB - Error writing Documents to database
[ERROR] 2015-03-20 20:48:56.342 [main] TermDAOWikiDB - Error writing Terms to database
[ERROR] 2015-03-20 20:49:49.084 [main] DictDAOWikiDB - Cannot create Statement to write in DICT
[ERROR] 2015-03-20 20:49:49.086 [main] DocDAOWikiDB - Error writing Documents to database
[ERROR] 2015-03-20 20:49:49.088 [main] TermDAOWikiDB - Error writing Terms to database
[ERROR] 2015-03-20 20:52:15.321 [main] DictDAOWikiDB - Cannot create Statement to write in DICT
[ERROR] 2015-03-20 20:52:15.325 [main] DocDAOWikiDB - Error writing Documents to database
[ERROR] 2015-03-20 20:52:15.328 [main] TermDAOWikiDB - Error writing Terms to database
[ERROR] 2015-03-20 20:52:47.661 [main] DictDAOWikiDB - Cannot create Statement to write in DICT
[ERROR] 2015-03-20 20:52:47.664 [main] DocDAOWikiDB - Error writing Documents to database
[ERROR] 2015-03-20 20:52:47.668 [main] TermDAOWikiDB - Error writing Terms to database
[ERROR] 2015-03-20 20:54:51.970 [main] DictDAOWikiDB - Cannot create Statement to write in DICT
[ERROR] 2015-03-20 20:54:51.975 [main] DocDAOWikiDB - Error writing Documents to database
[ERROR] 2015-03-20 20:54:51.978 [main] TermDAOWikiDB - Error writing Terms to database
[ERROR] 2015-03-20 20:56:24.937 [main] DictDAOWikiDB - Cannot create Statement to write in DICT
[ERROR] 2015-03-20 20:56:24.949 [main] DocDAOWikiDB - Error writing Documents to database
[ERROR] 2015-03-20 20:56:24.953 [main] TermDAOWikiDB - Error writing Terms to database
